c:\users\asus\desktop\refund\refund\x64\debug\vc143.pdb
c:\users\asus\desktop\refund\refund\x64\debug\vc143.idb
c:\users\asus\desktop\refund\refund\x64\debug\stdafx.obj
c:\users\asus\desktop\refund\refund\x64\debug\player.obj
c:\users\asus\desktop\refund\refund\x64\debug\location.obj
c:\users\asus\desktop\refund\refund\x64\debug\itempick.obj
c:\users\asus\desktop\refund\refund\x64\debug\item.obj
c:\users\asus\desktop\refund\refund\x64\debug\done.obj
c:\users\asus\desktop\refund\refund\x64\debug\menu.obj
c:\users\asus\desktop\refund\refund\x64\debug\main.obj
c:\users\asus\desktop\refund\refund\x64\debug\game.obj
c:\users\asus\desktop\refund\refund\x64\debug\refund.exe
c:\users\asus\desktop\refund\refund\x64\debug\refund.ilk
c:\users\asus\desktop\refund\refund\x64\debug\refund.pdb
c:\users\asus\desktop\refund\refund\x64\debug\refund.tlog\cl.command.1.tlog
c:\users\asus\desktop\refund\refund\x64\debug\refund.tlog\cl.items.tlog
c:\users\asus\desktop\refund\refund\x64\debug\refund.tlog\cl.read.1.tlog
c:\users\asus\desktop\refund\refund\x64\debug\refund.tlog\cl.write.1.tlog
c:\users\asus\desktop\refund\refund\x64\debug\refund.tlog\link.command.1.tlog
c:\users\asus\desktop\refund\refund\x64\debug\refund.tlog\link.read.1.tlog
c:\users\asus\desktop\refund\refund\x64\debug\refund.tlog\link.write.1.tlog
