  Done.cpp
  Game.cpp
  Host.cpp
C:\Users\ADMIN\Desktop\Refund\Refund\Host.cpp(20,41): warning C4244: 'argument': conversion from 'double' to 'T', possible loss of data
          with
          [
              T=int
          ]
C:\Users\ADMIN\Desktop\Refund\Refund\Host.cpp(67,29): warning C4244: '=': conversion from 'float' to 'T', possible loss of data
          with
          [
              T=int
          ]
C:\Users\ADMIN\Desktop\Refund\Refund\Host.cpp(68,31): warning C4244: '+=': conversion from 'float' to 'T', possible loss of data
          with
          [
              T=int
          ]
C:\Users\ADMIN\Desktop\Refund\Refund\Host.cpp(83,29): warning C4244: '=': conversion from 'float' to 'T', possible loss of data
          with
          [
              T=int
          ]
C:\Users\ADMIN\Desktop\Refund\Refund\Host.cpp(84,31): warning C4244: '+=': conversion from 'float' to 'T', possible loss of data
          with
          [
              T=int
          ]
  Item.cpp
  ItemPick.cpp
  Location.cpp
  Main.cpp
  Map.cpp
  Menu.cpp
  Noise.cpp
  Player.cpp
C:\Users\ADMIN\Desktop\Refund\Refund\Player.cpp(173,30): warning C4244: '=': conversion from 'float' to 'T', possible loss of data
          with
          [
              T=int
          ]
C:\Users\ADMIN\Desktop\Refund\Refund\Player.cpp(181,29): warning C4244: '=': conversion from 'float' to 'T', possible loss of data
          with
          [
              T=int
          ]
C:\Users\ADMIN\Desktop\Refund\Refund\Player.cpp(182,31): warning C4244: '+=': conversion from 'float' to 'T', possible loss of data
          with
          [
              T=int
          ]
C:\Users\ADMIN\Desktop\Refund\Refund\Player.cpp(190,29): warning C4244: '=': conversion from 'float' to 'T', possible loss of data
          with
          [
              T=int
          ]
C:\Users\ADMIN\Desktop\Refund\Refund\Player.cpp(191,31): warning C4244: '+=': conversion from 'float' to 'T', possible loss of data
          with
          [
              T=int
          ]
C:\Users\ADMIN\Desktop\Refund\Refund\Player.cpp(199,29): warning C4244: '=': conversion from 'float' to 'T', possible loss of data
          with
          [
              T=int
          ]
C:\Users\ADMIN\Desktop\Refund\Refund\Player.cpp(200,31): warning C4244: '+=': conversion from 'float' to 'T', possible loss of data
          with
          [
              T=int
          ]
C:\Users\ADMIN\Desktop\Refund\Refund\Player.cpp(208,29): warning C4244: '=': conversion from 'float' to 'T', possible loss of data
          with
          [
              T=int
          ]
C:\Users\ADMIN\Desktop\Refund\Refund\Player.cpp(209,31): warning C4244: '+=': conversion from 'float' to 'T', possible loss of data
          with
          [
              T=int
          ]
  Generating Code...
  LINK : C:\Users\ADMIN\Desktop\Refund\Refund\x64\Debug\Refund.exe not found or not built by the last incremental link; performing full link
  Refund.vcxproj -> C:\Users\ADMIN\Desktop\Refund\Refund\x64\Debug\Refund.exe
